<?xml version="1.0" encoding="UTF-8"?>
<coverage generated="1643294446943" clover="3.2.0">
  <project timestamp="1643294446944" name="All files">
    <metrics statements="7" coveredstatements="7" conditionals="0" coveredconditionals="0" methods="3" coveredmethods="3" elements="10" coveredelements="10" complexity="0" loc="7" ncloc="7" packages="1" files="2" classes="2"/>
    <file name="addtodo.js" path="C:\Users\User\Desktop\Testing pair programing\todo-list-project\src\modules\addtodo.js">
      <metrics statements="3" coveredstatements="3" conditionals="0" coveredconditionals="0" methods="1" coveredmethods="1"/>
      <line num="1" count="1" type="stmt"/>
      <line num="2" count="4" type="stmt"/>
      <line num="9" count="1" type="stmt"/>
    </file>
    <file name="deletetodo.js" path="C:\Users\User\Desktop\Testing pair programing\todo-list-project\src\modules\deletetodo.js">
      <metrics statements="4" coveredstatements="4" conditionals="0" coveredconditionals="0" methods="2" coveredmethods="2"/>
      <line num="1" count="1" type="stmt"/>
      <line num="2" count="8" type="stmt"/>
      <line num="3" count="2" type="stmt"/>
      <line num="6" count="1" type="stmt"/>
    </file>
  </project>
</coverage>
