{"C:\\Users\\Butler Shimaluwani\\Desktop\\todo-list-project\\todo-list-project\\src\\modules\\addtodo.js": {"path":"C:\\Users\\Butler Shimaluwani\\Desktop\\todo-list-project\\todo-list-project\\src\\modules\\addtodo.js","statementMap":{"0":{"start":{"line":1,"column":19},"end":{"line":7,"column":1}},"1":{"start":{"line":2,"column":2},"end":{"line":6,"column":5}},"2":{"start":{"line":9,"column":0},"end":{"line":9,"column":28}}},"fnMap":{"0":{"name":"(anonymous_0)","decl":{"start":{"line":1,"column":19},"end":{"line":1,"column":20}},"loc":{"start":{"line":1,"column":34},"end":{"line":7,"column":1}},"line":1}},"branchMap":{},"s":{"0":1,"1":4,"2":1},"f":{"0":4},"b":{},"_coverageSchema":"1a1c01bbd47fc00a2c39e90264f33305004495a9","hash":"07859a395fc6d0c56191a3b7d0381d90ab170ffa"}
,"C:\\Users\\Butler Shimaluwani\\Desktop\\todo-list-project\\todo-list-project\\src\\modules\\deletetodo.js": {"path":"C:\\Users\\Butler Shimaluwani\\Desktop\\todo-list-project\\todo-list-project\\src\\modules\\deletetodo.js","statementMap":{"0":{"start":{"line":1,"column":19},"end":{"line":4,"column":1}},"1":{"start":{"line":2,"column":12},"end":{"line":2,"column":50}},"2":{"start":{"line":2,"column":38},"end":{"line":2,"column":49}},"3":{"start":{"line":3,"column":2},"end":{"line":3,"column":11}},"4":{"start":{"line":6,"column":0},"end":{"line":6,"column":28}}},"fnMap":{"0":{"name":"(anonymous_0)","decl":{"start":{"line":1,"column":19},"end":{"line":1,"column":20}},"loc":{"start":{"line":1,"column":40},"end":{"line":4,"column":1}},"line":1},"1":{"name":"(anonymous_1)","decl":{"start":{"line":2,"column":28},"end":{"line":2,"column":29}},"loc":{"start":{"line":2,"column":38},"end":{"line":2,"column":49}},"line":2}},"branchMap":{},"s":{"0":1,"1":2,"2":8,"3":2,"4":1},"f":{"0":2,"1":8},"b":{},"_coverageSchema":"1a1c01bbd47fc00a2c39e90264f33305004495a9","hash":"50e1c66a13dd7fdd260a2e280079d40587e1b1a4"}
}
