{"C:\\Users\\User\\Desktop\\Testing pair programing\\todo-list-project\\src\\modules\\addtodo.js": {"path":"C:\\Users\\User\\Desktop\\Testing pair programing\\todo-list-project\\src\\modules\\addtodo.js","statementMap":{"0":{"start":{"line":1,"column":19},"end":{"line":7,"column":1}},"1":{"start":{"line":2,"column":2},"end":{"line":6,"column":5}},"2":{"start":{"line":9,"column":0},"end":{"line":9,"column":28}}},"fnMap":{"0":{"name":"(anonymous_0)","decl":{"start":{"line":1,"column":19},"end":{"line":1,"column":20}},"loc":{"start":{"line":1,"column":34},"end":{"line":7,"column":1}},"line":1}},"branchMap":{},"s":{"0":1,"1":4,"2":1},"f":{"0":4},"b":{},"_coverageSchema":"1a1c01bbd47fc00a2c39e90264f33305004495a9","hash":"42e37450004c39ff974154e005e3f4448e217624"}
,"C:\\Users\\User\\Desktop\\Testing pair programing\\todo-list-project\\src\\modules\\deletetodo.js": {"path":"C:\\Users\\User\\Desktop\\Testing pair programing\\todo-list-project\\src\\modules\\deletetodo.js","statementMap":{"0":{"start":{"line":1,"column":19},"end":{"line":4,"column":3}},"1":{"start":{"line":2,"column":14},"end":{"line":2,"column":52}},"2":{"start":{"line":2,"column":40},"end":{"line":2,"column":51}},"3":{"start":{"line":3,"column":4},"end":{"line":3,"column":13}},"4":{"start":{"line":6,"column":2},"end":{"line":6,"column":30}}},"fnMap":{"0":{"name":"(anonymous_0)","decl":{"start":{"line":1,"column":19},"end":{"line":1,"column":20}},"loc":{"start":{"line":1,"column":40},"end":{"line":4,"column":3}},"line":1},"1":{"name":"(anonymous_1)","decl":{"start":{"line":2,"column":30},"end":{"line":2,"column":31}},"loc":{"start":{"line":2,"column":40},"end":{"line":2,"column":51}},"line":2}},"branchMap":{},"s":{"0":1,"1":2,"2":8,"3":2,"4":1},"f":{"0":2,"1":8},"b":{},"_coverageSchema":"1a1c01bbd47fc00a2c39e90264f33305004495a9","hash":"69adc92c7f45646c233a452a5e9dcc46405027a4"}
}
